<?xml version="1.0" encoding="UTF-8"?>
<!-- Generated by org.testng.reporters.JUnitXMLReporter -->
<testsuite ignored="1" hostname="DESKTOP-7R54CV9" failures="0" tests="1" name="Default test" time="30.251" errors="0" timestamp="2022-08-25T20:39:35 IST">
  <testcase classname="com.qa.pagetests.RegistrationPageTest" name="userRegistration" time="4.087"/>
  <testcase classname="com.qa.pagetests.RegistrationPageTest" name="clickonRegister" time="0.0">
    <ignored/>
  </testcase> <!-- clickonRegister -->
</testsuite> <!-- Default test -->
