<?xml version="1.0" encoding="UTF-8"?>
<testng-results ignored="3" total="4" passed="1" failed="0" skipped="0">
  <reporter-output>
  </reporter-output>
  <suite started-at="2022-08-26T17:02:46 IST" name="Default suite" finished-at="2022-08-26T17:03:20 IST" duration-ms="33834">
    <groups>
    </groups>
    <test started-at="2022-08-26T17:02:46 IST" name="Default test" finished-at="2022-08-26T17:03:20 IST" duration-ms="33834">
      <class name="com.qa.pagetests.HomePageTest">
        <test-method is-config="true" signature="setUp(java.lang.String)[pri:0, instance:com.qa.pagetests.HomePageTest@4eaf3684]" started-at="2022-08-26T17:02:46 IST" name="setUp" finished-at="2022-08-26T17:03:14 IST" duration-ms="27976" status="PASS">
          <params>
            <param index="0">
              <value>
                <![CDATA[chrome]]>
              </value>
            </param>
          </params>
          <reporter-output>
          </reporter-output>
        </test-method> <!-- setUp -->
        <test-method signature="clickonGender()[pri:3, instance:com.qa.pagetests.HomePageTest@4eaf3684]" started-at="2022-08-26T17:03:14 IST" name="clickonGender" finished-at="2022-08-26T17:03:18 IST" duration-ms="4386" status="PASS">
          <reporter-output>
          </reporter-output>
        </test-method> <!-- clickonGender -->
        <test-method is-config="true" signature="tearDown()[pri:0, instance:com.qa.pagetests.HomePageTest@4eaf3684]" started-at="2022-08-26T17:03:18 IST" name="tearDown" finished-at="2022-08-26T17:03:20 IST" duration-ms="1219" status="PASS">
          <reporter-output>
          </reporter-output>
        </test-method> <!-- tearDown -->
      </class> <!-- com.qa.pagetests.HomePageTest -->
    </test> <!-- Default test -->
  </suite> <!-- Default suite -->
</testng-results>
